0 info it worked if it ends with ok
1 verbose cli [ 'node',
1 verbose cli   '/usr/local/bin/npm',
1 verbose cli   'install',
1 verbose cli   'method-override',
1 verbose cli   '--save' ]
2 info using npm@1.4.28
3 info using node@v0.10.32
4 verbose readDependencies using package.json deps
5 verbose cache add [ 'method-override', null ]
6 verbose cache add name=undefined spec="method-override" args=["method-override",null]
7 verbose parsed url { protocol: null,
7 verbose parsed url   slashes: null,
7 verbose parsed url   auth: null,
7 verbose parsed url   host: null,
7 verbose parsed url   port: null,
7 verbose parsed url   hostname: null,
7 verbose parsed url   hash: null,
7 verbose parsed url   search: null,
7 verbose parsed url   query: null,
7 verbose parsed url   pathname: 'method-override',
7 verbose parsed url   path: 'method-override',
7 verbose parsed url   href: 'method-override' }
8 silly lockFile 0b00fa9d-method-override method-override
9 verbose lock method-override /Users/frankie/.npm/0b00fa9d-method-override.lock
10 silly lockFile 0b00fa9d-method-override method-override
11 silly lockFile 0b00fa9d-method-override method-override
12 verbose addNamed [ 'method-override', '' ]
13 verbose addNamed [ null, '*' ]
14 silly lockFile dd70539b-method-override method-override@
15 verbose lock method-override@ /Users/frankie/.npm/dd70539b-method-override.lock
16 silly addNameRange { name: 'method-override', range: '*', hasData: false }
17 verbose request where is /method-override
18 verbose request registry https://registry.npmjs.org/
19 verbose request id a8a208c14e440c40
20 verbose url raw /method-override
21 verbose url resolving [ 'https://registry.npmjs.org/', './method-override' ]
22 verbose url resolved https://registry.npmjs.org/method-override
23 verbose request where is https://registry.npmjs.org/method-override
24 info trying registry request attempt 1 at 13:56:17
25 verbose etag "ARSLRG3HPV6L40NZ27OSUG5GE"
26 http GET https://registry.npmjs.org/method-override
27 http 200 https://registry.npmjs.org/method-override
28 silly registry.get cb [ 200,
28 silly registry.get   { date: 'Mon, 08 Dec 2014 12:56:17 GMT',
28 silly registry.get     server: 'CouchDB/1.5.0 (Erlang OTP/R16B03)',
28 silly registry.get     etag: '"F3S63BSSU1TPB131JU0JILZ6W"',
28 silly registry.get     'content-type': 'application/json',
28 silly registry.get     'cache-control': 'max-age=60',
28 silly registry.get     'content-length': '27208',
28 silly registry.get     'accept-ranges': 'bytes',
28 silly registry.get     via: '1.1 varnish',
28 silly registry.get     age: '6',
28 silly registry.get     'x-served-by': 'cache-ams4142-AMS',
28 silly registry.get     'x-cache': 'HIT',
28 silly registry.get     'x-cache-hits': '1',
28 silly registry.get     'x-timer': 'S1418043377.490167,VS0,VE0',
28 silly registry.get     vary: 'Accept',
28 silly registry.get     'keep-alive': 'timeout=10, max=50',
28 silly registry.get     connection: 'Keep-Alive' } ]
29 silly addNameRange number 2 { name: 'method-override', range: '*', hasData: true }
30 silly addNameRange versions [ 'method-override',
30 silly addNameRange   [ '1.0.0',
30 silly addNameRange     '1.0.1',
30 silly addNameRange     '1.0.2',
30 silly addNameRange     '2.0.0',
30 silly addNameRange     '2.0.1',
30 silly addNameRange     '2.0.2',
30 silly addNameRange     '2.1.0',
30 silly addNameRange     '2.1.1',
30 silly addNameRange     '2.1.2',
30 silly addNameRange     '2.1.3',
30 silly addNameRange     '2.2.0',
30 silly addNameRange     '2.3.0' ] ]
31 verbose addNamed [ 'method-override', '2.3.0' ]
32 verbose addNamed [ '2.3.0', '2.3.0' ]
33 silly lockFile d0db1aff-method-override-2-3-0 method-override@2.3.0
34 verbose lock method-override@2.3.0 /Users/frankie/.npm/d0db1aff-method-override-2-3-0.lock
35 silly lockFile 3bbfb5fd-erride-method-override-2-3-0-tgz https://registry.npmjs.org/method-override/-/method-override-2.3.0.tgz
36 verbose lock https://registry.npmjs.org/method-override/-/method-override-2.3.0.tgz /Users/frankie/.npm/3bbfb5fd-erride-method-override-2-3-0-tgz.lock
37 verbose addRemoteTarball [ 'https://registry.npmjs.org/method-override/-/method-override-2.3.0.tgz',
37 verbose addRemoteTarball   'fe820769594247ede8a6ca87b8eaa413084e595e' ]
38 info retry fetch attempt 1 at 13:56:17
39 verbose fetch to= /var/folders/pb/zczjv8hx3_s8k3x983rp9r0r0000gn/T/npm-12394-SewyjjNv/registry.npmjs.org/method-override/-/method-override-2.3.0.tgz
40 http GET https://registry.npmjs.org/method-override/-/method-override-2.3.0.tgz
41 http 200 https://registry.npmjs.org/method-override/-/method-override-2.3.0.tgz
42 silly lockFile 3bbfb5fd-erride-method-override-2-3-0-tgz https://registry.npmjs.org/method-override/-/method-override-2.3.0.tgz
43 silly lockFile 3bbfb5fd-erride-method-override-2-3-0-tgz https://registry.npmjs.org/method-override/-/method-override-2.3.0.tgz
44 silly lockFile d0db1aff-method-override-2-3-0 method-override@2.3.0
45 silly lockFile d0db1aff-method-override-2-3-0 method-override@2.3.0
46 silly lockFile dd70539b-method-override method-override@
47 silly lockFile dd70539b-method-override method-override@
48 error Error: EACCES, mkdir '/Users/frankie/.npm/method-override/2.3.0'
48 error  { [Error: EACCES, mkdir '/Users/frankie/.npm/method-override/2.3.0']
48 error   errno: 3,
48 error   code: 'EACCES',
48 error   path: '/Users/frankie/.npm/method-override/2.3.0',
48 error   parent: 'doctr' }
49 error Please try running this command again as root/Administrator.
50 error System Darwin 14.0.0
51 error command "node" "/usr/local/bin/npm" "install" "method-override" "--save"
52 error cwd /Users/frankie/Sites/doctr
53 error node -v v0.10.32
54 error npm -v 1.4.28
55 error path /Users/frankie/.npm/method-override/2.3.0
56 error code EACCES
57 error errno 3
58 error stack Error: EACCES, mkdir '/Users/frankie/.npm/method-override/2.3.0'
59 verbose exit [ 3, true ]
